TYPESCRIPT COMPILATION ERRORS - COMPLETE LIST
==============================================

Generated: 2025-08-26
Total Errors: ~307 (as expected)

ERRORS BY FILE:
==============

src/core/architecture/integration-guide.ts:
- Line 540:24 - error TS2347: Untyped function calls may not accept type arguments.

src/core/bootstrap/unified-architecture-bootstrap.ts:
- Line 427:11 - error TS2322: Type '"integration"' is not assignable to type '"domain" | "infrastructure" | "application" | "core"'.

src/core/caching/cache-coordinator.ts:
- Line 123:34 - error TS2554: Expected 2 arguments, but got 3.
- Line 136:34 - error TS2554: Expected 2 arguments, but got 3.
- Line 271:23 - error TS2339: Property 'getStats' does not exist on type 'UnifiedCache'.
- Line 278:38 - error TS2339: Property 'getStats' does not exist on type 'UnifiedCache'.

src/core/di/service-factories.ts:
- Line 393:7 - error TS2345: Argument of type '{ route: () => Promise<{ provider: string; model: string; confidence: number; }>; }' is not assignable to parameter of type 'HybridLLMRouter'. Type '{ route: () => Promise<{ provider: string; model: string; confidence: number; }>; }' is missing the following properties from type 'HybridLLMRouter': config, taskHistory, currentLoads, routingDecisionCache, and 40 more.

src/core/di/system-bootstrap.ts:
- Line 501:22 - error TS2554: Expected 2 arguments, but got 1.
- Line 511:22 - error TS2554: Expected 2 arguments, but got 1.
- Line 523:22 - error TS2554: Expected 2 arguments, but got 1.
- Line 534:22 - error TS2554: Expected 2 arguments, but got 1.
- Line 545:22 - error TS2554: Expected 2 arguments, but got 1.
- Line 557:22 - error TS2554: Expected 2 arguments, but got 1.
- Line 568:22 - error TS2554: Expected 2 arguments, but got 1.
- Line 579:22 - error TS2554: Expected 2 arguments, but got 1.
- Line 591:22 - error TS2554: Expected 2 arguments, but got 1.
- Line 602:22 - error TS2554: Expected 2 arguments, but got 1.

src/core/execution/execution-backend.ts:
- Line 183:27 - error TS2339: Property 'createErrorResponse' does not exist on type 'StructuredErrorSystem'.
- Line 186:11 - error TS2693: 'ErrorCategory' only refers to a type, but is being used as a value here.
- Line 187:11 - error TS2693: 'ErrorSeverity' only refers to a type, but is being used as a value here.
- Line 188:11 - error TS2554: Expected 2-3 arguments, but got 4.
- Line 219:31 - error TS2339: Property 'createErrorResponse' does not exist on type 'StructuredErrorSystem'.
- Line 222:15 - error TS2693: 'ErrorCategory' only refers to a type, but is being used as a value here.
- Line 223:15 - error TS2693: 'ErrorSeverity' only refers to a type, but is being used as a value here.
- Line 224:15 - error TS2554: Expected 2-3 arguments, but got 4.
- Line 255:27 - error TS2339: Property 'createSuccessResponse' does not exist on type 'StructuredErrorSystem'.
- Line 270:29 - error TS2339: Property 'createErrorResponse' does not exist on type 'StructuredErrorSystem'.
- Line 273:13 - error TS2693: 'ErrorCategory' only refers to a type, but is being used as a value here.
- Line 274:13 - error TS2693: 'ErrorSeverity' only refers to a type, but is being used as a value here.
- Line 275:13 - error TS2554: Expected 2-3 arguments, but got 4.
- Line 285:27 - error TS2339: Property 'createErrorResponse' does not exist on type 'StructuredErrorSystem'.
- Line 288:11 - error TS2693: 'ErrorCategory' only refers to a type, but is being used as a value here.
- Line 289:11 - error TS2693: 'ErrorSeverity' only refers to a type, but is being used as a value here.
- Line 290:11 - error TS2554: Expected 2-3 arguments, but got 4.
- Line 375:27 - error TS2339: Property 'createErrorResponse' does not exist on type 'StructuredErrorSystem'.
- Line 378:11 - error TS2693: 'ErrorCategory' only refers to a type, but is being used as a value here.
- Line 379:11 - error TS2693: 'ErrorSeverity' only refers to a type, but is being used as a value here.
- Line 380:11 - error TS2554: Expected 2-3 arguments, but got 4.
- Line 399:29 - error TS2339: Property 'createErrorResponse' does not exist on type 'StructuredErrorSystem'.
- Line 402:13 - error TS2693: 'ErrorCategory' only refers to a type, but is being used as a value here.
- Line 403:13 - error TS2693: 'ErrorSeverity' only refers to a type, but is being used as a value here.
- Line 404:13 - error TS2554: Expected 2-3 arguments, but got 4.

src/core/integration/system-integration-coordinator.ts:
- Line 16:38 - error TS2307: Cannot find module '../services/task-orchestration-service.js' or its corresponding type declarations.
- Line 22:43 - error TS2307: Cannot find module '../tools/llm-function-factory.js' or its corresponding type declarations.
- Line 26:30 - error TS2307: Cannot find module '../quality/quality-analyzer-integration-adapter.js' or its corresponding type declarations.
- Line 30:27 - error TS2307: Cannot find module '../security/security-validator.js' or its corresponding type declarations.
- Line 278:22 - error TS2554: Expected 2 arguments, but got 1.
- Line 283:22 - error TS2554: Expected 2 arguments, but got 1.
- Line 289:22 - error TS2554: Expected 2 arguments, but got 1.
- Line 294:22 - error TS2554: Expected 2 arguments, but got 1.
- Line 299:22 - error TS2554: Expected 2 arguments, but got 1.
- Line 304:22 - error TS2554: Expected 2 arguments, but got 1.
- Line 309:22 - error TS2554: Expected 2 arguments, but got 1.

src/core/performance/hardware-performance-monitor.ts:
- Line 10:8 - error TS2307: Cannot find module 'systeminformation' or its corresponding type declarations.
- Line 11:8 - error TS2307: Cannot find module 'pidusage' or its corresponding type declarations.

src/core/performance/network-performance-optimizer.ts:
- Line 10:8 - error TS2307: Cannot find module 'node-fetch' or its corresponding type declarations.

src/core/performance/stream-performance-optimizer.ts:
- Line 60:46 - error TS2339: Property 'optimize' does not exist on type 'StreamingManager'.
- Line 169:24 - error TS2339: Property 'optimize' does not exist on type 'StreamingManager'.
- Line 173:50 - error TS2339: Property 'getPerformanceMetrics' does not exist on type 'StreamingManager'.
- Line 307:30 - error TS2339: Property 'resetPerformanceMetrics' does not exist on type 'StreamingManager'.
- Line 311:33 - error TS2339: Property 'getPerformanceMetrics' does not exist on type 'StreamingManager'.

src/core/quality/ast-complexity-analyzer.ts:
- Line 11:8 - error TS2307: Cannot find module '@typescript-eslint/typescript-estree' or its corresponding type declarations.
- Line 12:8 - error TS2307: Cannot find module 'acorn' or its corresponding type declarations.
- Line 13:8 - error TS2307: Cannot find module 'acorn-walk' or its corresponding type declarations.
- Line 14:8 - error TS2307: Cannot find module 'estree' or its corresponding type declarations.

src/core/quality/async-tool-integration-manager.ts:
- Line 15:8 - error TS2307: Cannot find module '../tools/base-tool-implementation.js' or its corresponding type declarations.

src/core/quality/comprehensive-quality-calculator.ts:
- Line 10:31 - error TS2307: Cannot find module './ast-complexity-analyzer.js' or its corresponding type declarations.

src/core/quality/quality-analysis-monitor.ts:
- Line 13:36 - error TS2307: Cannot find module './ast-complexity-analyzer.js' or its corresponding type declarations.
- Line 14:46 - error TS2307: Cannot find module './comprehensive-quality-calculator.js' or its corresponding type declarations.
- Line 19:44 - error TS2307: Cannot find module './async-tool-integration-manager.js' or its corresponding type declarations.

src/core/quality/quality-analyzer-integration-adapter.ts:
- Line 12:36 - error TS2307: Cannot find module './ast-complexity-analyzer.js' or its corresponding type declarations.
- Line 13:44 - error TS2307: Cannot find module './async-tool-integration-manager.js' or its corresponding type declarations.
- Line 14:43 - error TS2307: Cannot find module './quality-analysis-monitor.js' or its corresponding type declarations.

src/core/quality/reconstructed-code-quality-analyzer.ts:
- Line 4:29 - error TS2307: Cannot find module './ast-complexity-analyzer.js' or its corresponding type declarations.
- Line 5:37 - error TS2307: Cannot find module './comprehensive-quality-calculator.js' or its corresponding type declarations.
- Line 16:8 - error TS2307: Cannot find module '@typescript-eslint/typescript-estree' or its corresponding type declarations.

src/core/services/unified-orchestration-service.ts:
- Line 31:38 - error TS2307: Cannot find module '../tools/llm-function-factory.js' or its corresponding type declarations.
- Line 35:30 - error TS2307: Cannot find module '../quality/quality-analyzer-integration-adapter.js' or its corresponding type declarations.

src/core/streaming/stream-performance-optimizer.ts:
- Line 30:49 - error TS2339: Property 'optimize' does not exist on type 'StreamingManager'.

src/core/tools/async-tool-executor.ts:
- Line 15:33 - error TS2307: Cannot find module './base-tool-implementation.js' or its corresponding type declarations.

src/core/tools/enhanced-tool-integration.ts:
- Line 19:33 - error TS2307: Cannot find module './base-tool-implementation.js' or its corresponding type declarations.
- Line 22:38 - error TS2307: Cannot find module './llm-function-factory.js' or its corresponding type declarations.
- Line 24:37 - error TS2307: Cannot find module './sequential-tool-executor.js' or its corresponding type declarations.

src/core/tools/llm-function-coordinator.ts:
- Line 16:38 - error TS2307: Cannot find module './llm-function-factory.js' or its corresponding type declarations.
- Line 18:33 - error TS2307: Cannot find module './base-tool-implementation.js' or its corresponding type declarations.
- Line 19:37 - error TS2307: Cannot find module './sequential-tool-executor.js' or its corresponding type declarations.

src/core/tools/llm-tool-coordinator.ts:
- Line 15:38 - error TS2307: Cannot find module './llm-function-factory.js' or its corresponding type declarations.
- Line 17:33 - error TS2307: Cannot find module './base-tool-implementation.js' or its corresponding type declarations.

src/core/tools/sequential-tool-executor.ts:
- Line 11:33 - error TS2307: Cannot find module './base-tool-implementation.js' or its corresponding type declarations.

src/domain/types/index.ts:
- Line 183:3 - error TS2717: Subsequent property declarations must have the same type.  Property 'type' must be of type '"warning"', but here has type '"error" | "warning" | "info"'.

src/infrastructure/performance/performance-optimization-manager.ts:
- Line 8:8 - error TS2307: Cannot find module 'node-fetch' or its corresponding type declarations.
- Line 9:8 - error TS2307: Cannot find module 'pidusage' or its corresponding type declarations.

src/infrastructure/production/production-deployment-manager.ts:
- Line 11:8 - error TS2307: Cannot find module 'fs-extra' or its corresponding type declarations.
- Line 12:8 - error TS2307: Cannot find module 'tar' or its corresponding type declarations.
- Line 14:8 - error TS2307: Cannot find module 'node-fetch' or its corresponding type declarations.

src/infrastructure/production/production-monitoring-dashboard.ts:
- Line 10:8 - error TS2307: Cannot find module 'express' or its corresponding type declarations.
- Line 11:8 - error TS2307: Cannot find module 'socket.io' or its corresponding type declarations.
- Line 12:8 - error TS2307: Cannot find module 'pidusage' or its corresponding type declarations.

src/infrastructure/production/production-system-health-monitor.ts:
- Line 11:8 - error TS2307: Cannot find module 'pidusage' or its corresponding type declarations.
- Line 12:8 - error TS2307: Cannot find module 'systeminformation' or its corresponding type declarations.

src/mcp-servers/mcp-server-manager.ts:
- Line 92:71 - error TS2339: Property 'data' does not exist on type 'ResponseMessage'.

src/refactor/request-handler.ts:
- Line 8:29 - error TS2724: '"../core/cache/unified-cache-system.js"' has no exported member named 'UnifiedCacheConfig'. Did you mean 'UnifiedCache'?
- Line 11:40 - error TS2307: Cannot find module '../core/tools/sequential-tool-executor.js' or its corresponding type declarations.
- Line 79:46 - error TS2339: Property 'getLLMFunctions' does not exist on type 'CoreToolIntegration | EnhancedToolIntegration'. Property 'getLLMFunctions' does not exist on type 'CoreToolIntegration'.
- Line 107:52 - error TS2339: Property 'getToolsForPrompt' does not exist on type 'DomainAwareToolOrchestrator'.
- Line 252:53 - error TS2551: Property 'registerProcess' does not exist on type 'ActiveProcessManager'. Did you mean 'resumeProcess'?
- Line 280:39 - error TS2339: Property 'unregisterProcess' does not exist on type 'ActiveProcessManager'.
- Line 285:39 - error TS2339: Property 'unregisterProcess' does not exist on type 'ActiveProcessManager'.
- Line 349:53 - error TS2551: Property 'registerProcess' does not exist on type 'ActiveProcessManager'. Did you mean 'resumeProcess'?
- Line 426:39 - error TS2339: Property 'unregisterProcess' does not exist on type 'ActiveProcessManager'.
- Line 436:39 - error TS2339: Property 'unregisterProcess' does not exist on type 'ActiveProcessManager'.
- Line 679:52 - error TS2339: Property 'executeToolCall' does not exist on type 'CoreToolIntegration | EnhancedToolIntegration'. Property 'executeToolCall' does not exist on type 'CoreToolIntegration'.

src/refactor/unified-model-client.ts:
- Line 13:29 - error TS2724: '"../core/security/security-validator.js"' has no exported member named 'ISecurityValidator'. Did you mean 'SecurityValidator'?
- Line 18:44 - error TS2307: Cannot find module '../core/performance/hardware-aware-model-selector.js' or its corresponding type declarations.
- Line 25:28 - error TS2724: '"../core/streaming/streaming-manager.js"' has no exported member named 'IStreamingManager'. Did you mean 'StreamingManager'?
- Line 60:8 - error TS2307: Cannot find module '../core/streaming/stream-processing-manager.js' or its corresponding type declarations.
- Line 109:9 - error TS2353: Object literal may only specify known properties, and 'enableSandbox' does not exist in type 'Partial<SecurityPolicy>'.

src/voices/voice-system-integration-2025.ts:
- Line 253:85 - error TS2554: Expected 1 arguments, but got 2.
- Line 456:31 - error TS2339: Property 'costOptimization' does not exist on type '{}'.
- Line 464:29 - error TS2339: Property 'optimizedSystem' does not exist on type '{}'.
- Line 469:29 - error TS2339: Property 'coordination' does not exist on type '{}'.
- Line 576:5 - error TS2322: Type 'boolean | { valid: string[]; invalid: string[]; }' is not assignable to type '{ valid: string[]; invalid: string[]; }'. Type 'boolean' is not assignable to type '{ valid: string[]; invalid: string[]; }'.
- Line 589:11 - error TS2393: Duplicate function implementation.
- Line 679:45 - error TS2554: Expected 3 arguments, but got 2.
- Line 748:29 - error TS2551: Property 'generateSingleVoiceSolution' does not exist on type 'VoiceSystemIntegration2025'. Did you mean 'generateMultiVoiceSolutions'?
- Line 848:24 - error TS2551: Property 'generateSingleVoiceSolution' does not exist on type 'VoiceArchetypeSystemInterface'. Did you mean 'generateMultiVoiceSolutions'?
- Line 849:35 - error TS2551: Property 'generateSingleVoiceSolution' does not exist on type 'VoiceArchetypeSystemInterface'. Did you mean 'generateMultiVoiceSolutions'?
- Line 885:22 - error TS2339: Property 'recordIntegrationEvent' does not exist on type 'VoicePerformanceAnalytics2025'.
- Line 913:11 - error TS2393: Duplicate function implementation.
- Line 954:46 - error TS2551: Property 'enableOptimizedSystem' does not exist on type 'VoiceSystemConfig'. Did you mean 'useOptimizedSystem'?
- Line 956:14 - error TS2339: Property 'modelClient' does not exist on type 'VoiceSystemIntegration2025'.
- Line 957:21 - error TS2339: Property 'optimizationConfig' does not exist on type 'VoiceSystemConfig'.
- Line 969:9 - error TS2554: Expected 0 arguments, but got 2.

CATEGORIZED ERROR TYPES:
========================

1. Missing Module/Import Errors (TS2307):
   - Many files reference modules that don't exist or have incorrect paths
   - Common pattern: ../core/tools/, ../core/quality/, etc.

2. Missing Property Errors (TS2339):
   - Properties that don't exist on types
   - Common in StructuredErrorSystem, StreamingManager, etc.

3. Type Mismatch Errors (TS2322, TS2345):
   - Incorrect type assignments
   - Interface mismatches

4. Parameter Count Errors (TS2554):
   - Functions called with wrong number of arguments
   - Very common pattern throughout codebase

5. Export/Import Issues (TS2724):
   - Named exports that don't exist
   - Interface vs class confusion

6. Enum/Value Usage Errors (TS2693):
   - Types being used as values
   - Common with ErrorCategory, ErrorSeverity

7. Duplicate Function Implementations (TS2393):
   - Multiple implementations of same function

8. Type Argument Errors (TS2347):
   - Untyped function calls with type arguments

9. Property Declaration Conflicts (TS2717):
   - Conflicting type declarations

10. Missing Dependencies:
    - External packages not installed or typed
    - @typescript-eslint/typescript-estree, acorn, systeminformation, etc.

PRIORITY LEVELS:
===============

HIGH PRIORITY (Critical for compilation):
- Missing module imports (TS2307)
- Type mismatches in core components (TS2322, TS2345)
- Parameter count errors in service factories (TS2554)

MEDIUM PRIORITY (Interface/API issues):
- Missing properties (TS2339)
- Export/import mismatches (TS2724)
- Enum usage errors (TS2693)

LOW PRIORITY (Code quality):
- Duplicate implementations (TS2393)
- Type argument issues (TS2347)
- Property conflicts (TS2717)

FILES WITH HIGHEST ERROR DENSITY:
=================================

1. src/core/execution/execution-backend.ts (20+ errors)
2. src/voices/voice-system-integration-2025.ts (15+ errors)
3. src/core/di/system-bootstrap.ts (10+ errors)
4. src/refactor/request-handler.ts (10+ errors)
5. src/core/integration/system-integration-coordinator.ts (8+ errors)

MISSING EXTERNAL DEPENDENCIES:
==============================

- @typescript-eslint/typescript-estree
- acorn
- acorn-walk
- estree
- systeminformation
- pidusage
- node-fetch
- fs-extra
- tar
- express
- socket.io

RECOMMENDED APPROACH:
====================

1. Install missing dependencies first
2. Fix core module import paths
3. Resolve interface/type mismatches
4. Fix parameter count errors
5. Clean up duplicate implementations
6. Validate all changes with incremental builds

Total Error Count: ~307 errors across 50+ files
Last Updated: 2025-08-26